c:\users\eric8\desktop\easyx-project-c_cpp-master\datamanagementsystem_all\x64\release\vc143.pdb
c:\users\eric8\desktop\easyx-project-c_cpp-master\datamanagementsystem_all\x64\release\window.obj
c:\users\eric8\desktop\easyx-project-c_cpp-master\datamanagementsystem_all\x64\release\timer.obj
c:\users\eric8\desktop\easyx-project-c_cpp-master\datamanagementsystem_all\x64\release\table.obj
c:\users\eric8\desktop\easyx-project-c_cpp-master\datamanagementsystem_all\x64\release\randomgenerator.obj
c:\users\eric8\desktop\easyx-project-c_cpp-master\datamanagementsystem_all\x64\release\pushbutton.obj
c:\users\eric8\desktop\easyx-project-c_cpp-master\datamanagementsystem_all\x64\release\lineedit.obj
c:\users\eric8\desktop\easyx-project-c_cpp-master\datamanagementsystem_all\x64\release\image.obj
c:\users\eric8\desktop\easyx-project-c_cpp-master\datamanagementsystem_all\x64\release\font.obj
c:\users\eric8\desktop\easyx-project-c_cpp-master\datamanagementsystem_all\x64\release\color.obj
c:\users\eric8\desktop\easyx-project-c_cpp-master\datamanagementsystem_all\x64\release\basicwidget.obj
c:\users\eric8\desktop\easyx-project-c_cpp-master\datamanagementsystem_all\x64\release\management_gui.obj
c:\users\eric8\desktop\easyx-project-c_cpp-master\datamanagementsystem_all\x64\release\main.obj
c:\users\eric8\desktop\easyx-project-c_cpp-master\datamanagementsystem_all\x64\release\filedata.obj
c:\users\eric8\desktop\easyx-project-c_cpp-master\datamanagementsystem_all\x64\release\datagraph.obj
c:\users\eric8\desktop\easyx-project-c_cpp-master\datamanagementsystem_all\x64\release\datamanagementsystem_all.exe
c:\users\eric8\desktop\easyx-project-c_cpp-master\datamanagementsystem_all\x64\release\datamanagementsystem_all.pdb
c:\users\eric8\desktop\easyx-project-c_cpp-master\datamanagementsystem_all\x64\release\datamanagementsystem_all.ipdb
c:\users\eric8\desktop\easyx-project-c_cpp-master\datamanagementsystem_all\x64\release\datamanagementsystem_all.iobj
c:\users\eric8\desktop\easyx-project-c_cpp-master\datamanagementsystem_all\x64\release\datamana.35a2c069.tlog\cl.command.1.tlog
c:\users\eric8\desktop\easyx-project-c_cpp-master\datamanagementsystem_all\x64\release\datamana.35a2c069.tlog\cl.items.tlog
c:\users\eric8\desktop\easyx-project-c_cpp-master\datamanagementsystem_all\x64\release\datamana.35a2c069.tlog\cl.read.1.tlog
c:\users\eric8\desktop\easyx-project-c_cpp-master\datamanagementsystem_all\x64\release\datamana.35a2c069.tlog\cl.write.1.tlog
c:\users\eric8\desktop\easyx-project-c_cpp-master\datamanagementsystem_all\x64\release\datamana.35a2c069.tlog\link.command.1.tlog
c:\users\eric8\desktop\easyx-project-c_cpp-master\datamanagementsystem_all\x64\release\datamana.35a2c069.tlog\link.read.1.tlog
c:\users\eric8\desktop\easyx-project-c_cpp-master\datamanagementsystem_all\x64\release\datamana.35a2c069.tlog\link.write.1.tlog
c:\users\eric8\desktop\easyx-project-c_cpp-master\datamanagementsystem_all\x64\release\datamana.35a2c069.tlog\link.write.2u.tlog
